<?xml version="1.0" encoding="UTF-8" ?>
<testsuite failures="1" time="1.156" errors="0" skipped="0" tests="2" name="ServiceTest">
  <properties>
[...]
</properties>
  <testcase time="1.15" classname="ServiceTest" name="ServiceTest.testDataFetcher">
    <failure message="org/junit/Assert" type="java.lang.NoClassDefFoundError">java.lang.NoClassDefFoundError: org/junit/Assert
	at ServiceTest.testDataFetcher(ServiceTest.java:25)
Caused by: java.lang.ClassNotFoundException: org.junit.Assert
	at java.net.URLClassLoader$1.run(URLClassLoader.java:366)
	at java.net.URLClassLoader$1.run(URLClassLoader.java:355)
	at java.security.AccessController.doPrivileged(Native Method)
	at java.net.URLClassLoader.findClass(URLClassLoader.java:354)
	at java.lang.ClassLoader.loadClass(ClassLoader.java:425)
	at sun.misc.Launcher$AppClassLoader.loadClass(Launcher.java:308)
	at java.lang.ClassLoader.loadClass(ClassLoader.java:358)
	... 19 more
</failure>
  </testcase>
  <testcase time="0.006" classname="ServiceTest" name="ServiceTest.testEmailNotifier"/>
</testsuite>